<?xml version="1.0" encoding="UTF-8"?>
<robot generator="Robot 5.0 (Python 3.9.10 on win32)" generated="20220407 09:34:16.628" rpa="false" schemaversion="3">
<suite id="s1" name="Login" source="C:\Users\new\PycharmProjects\robotframework\Tests\Facebook\FunctionalTestSuit\Login.robot">
<test id="s1-t1" name="Login Screen Test" line="8">
<kw name="Log" library="BuiltIn">
<arg>Hello</arg>
<doc>Logs the given message with the given level.</doc>
<msg timestamp="20220407 09:34:16.970" level="INFO">Hello</msg>
<status status="PASS" starttime="20220407 09:34:16.969" endtime="20220407 09:34:16.970"/>
</kw>
<doc>This is login screen for user</doc>
<tag>users</tag>
<status status="PASS" starttime="20220407 09:34:16.952" endtime="20220407 09:34:16.972"/>
</test>
<test id="s1-t2" name="Registration Screen Test" line="13">
<kw name="Log" library="BuiltIn">
<arg>Success</arg>
<doc>Logs the given message with the given level.</doc>
<msg timestamp="20220407 09:34:17.019" level="INFO">Success</msg>
<status status="PASS" starttime="20220407 09:34:17.017" endtime="20220407 09:34:17.019"/>
</kw>
<doc>This is Registration Screen for user</doc>
<tag>users</tag>
<status status="PASS" starttime="20220407 09:34:17.007" endtime="20220407 09:34:17.021"/>
</test>
<test id="s1-t3" name="Admin Login Test" line="18">
<kw name="Log" library="BuiltIn">
<arg>Admin</arg>
<doc>Logs the given message with the given level.</doc>
<msg timestamp="20220407 09:34:17.039" level="INFO">Admin</msg>
<status status="PASS" starttime="20220407 09:34:17.038" endtime="20220407 09:34:17.039"/>
</kw>
<doc>This page is for admin</doc>
<tag>admin</tag>
<status status="PASS" starttime="20220407 09:34:17.033" endtime="20220407 09:34:17.043"/>
</test>
<status status="PASS" starttime="20220407 09:34:16.652" endtime="20220407 09:34:17.053"/>
</suite>
<statistics>
<total>
<stat pass="3" fail="0" skip="0">All Tests</stat>
</total>
<tag>
<stat pass="1" fail="0" skip="0">admin</stat>
<stat pass="2" fail="0" skip="0">users</stat>
</tag>
<suite>
<stat pass="3" fail="0" skip="0" id="s1" name="Login">Login</stat>
</suite>
</statistics>
<errors>
</errors>
</robot>
