<?xml version="1.0" encoding="UTF-8"?>
<robot generator="Robot 5.0 (Python 3.9.10 on win32)" generated="20220408 11:05:21.436" rpa="false" schemaversion="3">
<suite id="s1" name="App" source="C:\Users\new\PycharmProjects\robotframework\Tests\Flipcart\FunctionalTestSuit\App.robot">
<kw name="Log" library="BuiltIn" type="SETUP">
<arg>Inside Test Suit Setup</arg>
<doc>Logs the given message with the given level.</doc>
<msg timestamp="20220408 11:05:22.309" level="INFO">Inside Test Suit Setup</msg>
<status status="PASS" starttime="20220408 11:05:22.309" endtime="20220408 11:05:22.309"/>
</kw>
<test id="s1-t1" name="Google Search Test" line="13">
<kw name="Log" library="BuiltIn" type="SETUP">
<arg>Inside Test Case Setup</arg>
<doc>Logs the given message with the given level.</doc>
<msg timestamp="20220408 11:05:22.314" level="INFO">Inside Test Case Setup</msg>
<status status="PASS" starttime="20220408 11:05:22.314" endtime="20220408 11:05:22.314"/>
</kw>
<kw name="Open Browser" library="SeleniumLibrary">
<arg>${google_search}</arg>
<arg>chrome</arg>
<doc>Opens a new browser instance to the optional ``url``.</doc>
<msg timestamp="20220408 11:05:22.319" level="INFO">Opening browser 'chrome' to base url 'https://www.google.com/'.</msg>
<status status="PASS" starttime="20220408 11:05:22.314" endtime="20220408 11:05:38.719"/>
</kw>
<kw name="Maximize Browser Window" library="SeleniumLibrary">
<doc>Maximizes current browser window.</doc>
<status status="PASS" starttime="20220408 11:05:38.719" endtime="20220408 11:05:39.009"/>
</kw>
<kw name="Search Data">
<kw name="Input Text" library="SeleniumLibrary">
<arg>name:q</arg>
<arg>${search_query}</arg>
<doc>Types the given ``text`` into the text field identified by ``locator``.</doc>
<msg timestamp="20220408 11:05:39.019" level="INFO">Typing text 'flipkart' into text field 'name:q'.</msg>
<status status="PASS" starttime="20220408 11:05:39.014" endtime="20220408 11:05:39.291"/>
</kw>
<status status="PASS" starttime="20220408 11:05:39.014" endtime="20220408 11:05:39.291"/>
</kw>
<kw name="Submit Form" library="SeleniumLibrary">
<doc>Submits a form identified by ``locator``.</doc>
<msg timestamp="20220408 11:05:39.296" level="INFO">Submitting form 'None'.</msg>
<status status="PASS" starttime="20220408 11:05:39.291" endtime="20220408 11:05:44.845"/>
</kw>
<kw name="Click Element" library="SeleniumLibrary">
<arg>class:LC20lb</arg>
<doc>Click the element identified by ``locator``.</doc>
<msg timestamp="20220408 11:05:44.845" level="INFO">Clicking element 'class:LC20lb'.</msg>
<status status="PASS" starttime="20220408 11:05:44.845" endtime="20220408 11:05:52.243"/>
</kw>
<kw name="Log" library="BuiltIn" type="TEARDOWN">
<arg>Inside Test Case Teardown</arg>
<doc>Logs the given message with the given level.</doc>
<msg timestamp="20220408 11:05:52.248" level="INFO">Inside Test Case Teardown</msg>
<status status="PASS" starttime="20220408 11:05:52.248" endtime="20220408 11:05:52.248"/>
</kw>
<doc>this is to open google</doc>
<tag>google</tag>
<status status="PASS" starttime="20220408 11:05:22.314" endtime="20220408 11:05:52.248"/>
</test>
<test id="s1-t2" name="Flipcart Search Test" line="23">
<kw name="Log" library="BuiltIn" type="SETUP">
<arg>Inside Test Case Setup</arg>
<doc>Logs the given message with the given level.</doc>
<msg timestamp="20220408 11:05:52.253" level="INFO">Inside Test Case Setup</msg>
<status status="PASS" starttime="20220408 11:05:52.253" endtime="20220408 11:05:52.253"/>
</kw>
<kw name="Sleep" library="BuiltIn">
<arg>5s</arg>
<doc>Pauses the test executed for the given time.</doc>
<msg timestamp="20220408 11:05:57.268" level="INFO">Slept 5 seconds</msg>
<status status="PASS" starttime="20220408 11:05:52.253" endtime="20220408 11:05:57.268"/>
</kw>
<kw name="Click Button" library="SeleniumLibrary">
<arg>class:_2KpZ6l</arg>
<doc>Clicks the button identified by ``locator``.</doc>
<msg timestamp="20220408 11:05:57.268" level="INFO">Clicking button 'class:_2KpZ6l'.</msg>
<status status="PASS" starttime="20220408 11:05:57.268" endtime="20220408 11:05:57.704"/>
</kw>
<kw name="Searh Flip Data">
<kw name="Input Text" library="SeleniumLibrary">
<arg>name:q</arg>
<arg>${product_search}</arg>
<doc>Types the given ``text`` into the text field identified by ``locator``.</doc>
<msg timestamp="20220408 11:05:57.704" level="INFO">Typing text 'Iphone' into text field 'name:q'.</msg>
<status status="PASS" starttime="20220408 11:05:57.704" endtime="20220408 11:05:58.071"/>
</kw>
<status status="PASS" starttime="20220408 11:05:57.704" endtime="20220408 11:05:58.071"/>
</kw>
<kw name="Sleep" library="BuiltIn">
<arg>3s</arg>
<doc>Pauses the test executed for the given time.</doc>
<msg timestamp="20220408 11:06:01.080" level="INFO">Slept 3 seconds</msg>
<status status="PASS" starttime="20220408 11:05:58.071" endtime="20220408 11:06:01.080"/>
</kw>
<kw name="Click Button" library="SeleniumLibrary">
<arg>class:L0Z3Pu</arg>
<doc>Clicks the button identified by ``locator``.</doc>
<msg timestamp="20220408 11:06:01.080" level="INFO">Clicking button 'class:L0Z3Pu'.</msg>
<status status="PASS" starttime="20220408 11:06:01.080" endtime="20220408 11:06:01.311"/>
</kw>
<kw name="Log" library="BuiltIn" type="TEARDOWN">
<arg>Inside Test Case Teardown</arg>
<doc>Logs the given message with the given level.</doc>
<msg timestamp="20220408 11:06:01.316" level="INFO">Inside Test Case Teardown</msg>
<status status="PASS" starttime="20220408 11:06:01.316" endtime="20220408 11:06:01.316"/>
</kw>
<doc>open flipcart app</doc>
<tag>flipcart</tag>
<status status="PASS" starttime="20220408 11:05:52.253" endtime="20220408 11:06:01.316"/>
</test>
<test id="s1-t3" name="Purchase Item Search" line="32">
<kw name="Log" library="BuiltIn" type="SETUP">
<arg>Inside Test Case Setup</arg>
<doc>Logs the given message with the given level.</doc>
<msg timestamp="20220408 11:06:01.329" level="INFO">Inside Test Case Setup</msg>
<status status="PASS" starttime="20220408 11:06:01.325" endtime="20220408 11:06:01.329"/>
</kw>
<kw name="Sleep" library="BuiltIn">
<arg>2s</arg>
<doc>Pauses the test executed for the given time.</doc>
<msg timestamp="20220408 11:06:03.335" level="INFO">Slept 2 seconds</msg>
<status status="PASS" starttime="20220408 11:06:01.334" endtime="20220408 11:06:03.335"/>
</kw>
<kw name="Click Element" library="SeleniumLibrary">
<arg>xpath=//html/body/div[1]/div/div[3]/div[1]/div[2]/div[6]/div/div/div/a/div[2]/div[1]/div[1]</arg>
<doc>Click the element identified by ``locator``.</doc>
<msg timestamp="20220408 11:06:03.335" level="INFO">Clicking element 'xpath=//html/body/div[1]/div/div[3]/div[1]/div[2]/div[6]/div/div/div/a/div[2]/div[1]/div[1]'.</msg>
<status status="PASS" starttime="20220408 11:06:03.335" endtime="20220408 11:06:04.234"/>
</kw>
<kw name="Sleep" library="BuiltIn">
<arg>2s</arg>
<doc>Pauses the test executed for the given time.</doc>
<msg timestamp="20220408 11:06:06.246" level="INFO">Slept 2 seconds</msg>
<status status="PASS" starttime="20220408 11:06:04.239" endtime="20220408 11:06:06.281"/>
</kw>
<kw name="Click Button" library="SeleniumLibrary">
<arg>class:_2KpZ6l</arg>
<doc>Clicks the button identified by ``locator``.</doc>
<msg timestamp="20220408 11:06:06.326" level="INFO">Clicking button 'class:_2KpZ6l'.</msg>
<msg timestamp="20220408 11:06:07.058" level="INFO" html="true">&lt;/td&gt;&lt;/tr&gt;&lt;tr&gt;&lt;td colspan="3"&gt;&lt;a href="selenium-screenshot-8.png"&gt;&lt;img src="selenium-screenshot-8.png" width="800px"&gt;&lt;/a&gt;</msg>
<msg timestamp="20220408 11:06:07.063" level="FAIL">Button with locator 'class:_2KpZ6l' not found.</msg>
<status status="FAIL" starttime="20220408 11:06:06.326" endtime="20220408 11:06:07.230"/>
</kw>
<kw name="Sleep" library="BuiltIn">
<arg>2s</arg>
<doc>Pauses the test executed for the given time.</doc>
<status status="NOT RUN" starttime="20220408 11:06:07.230" endtime="20220408 11:06:07.235"/>
</kw>
<kw name="Email Adress">
<status status="NOT RUN" starttime="20220408 11:06:07.253" endtime="20220408 11:06:07.253"/>
</kw>
<kw name="Log" library="BuiltIn" type="TEARDOWN">
<arg>Inside Test Case Teardown</arg>
<doc>Logs the given message with the given level.</doc>
<msg timestamp="20220408 11:06:07.258" level="INFO">Inside Test Case Teardown</msg>
<status status="PASS" starttime="20220408 11:06:07.258" endtime="20220408 11:06:07.258"/>
</kw>
<status status="FAIL" starttime="20220408 11:06:01.316" endtime="20220408 11:06:07.263">Button with locator 'class:_2KpZ6l' not found.</status>
</test>
<kw name="Log" library="BuiltIn" type="TEARDOWN">
<arg>Inside Test Suit Teardown</arg>
<doc>Logs the given message with the given level.</doc>
<msg timestamp="20220408 11:06:07.268" level="INFO">Inside Test Suit Teardown</msg>
<status status="PASS" starttime="20220408 11:06:07.268" endtime="20220408 11:06:07.268"/>
</kw>
<status status="FAIL" starttime="20220408 11:05:21.443" endtime="20220408 11:06:07.268"/>
</suite>
<statistics>
<total>
<stat pass="2" fail="1" skip="0">All Tests</stat>
</total>
<tag>
<stat pass="1" fail="0" skip="0">flipcart</stat>
<stat pass="1" fail="0" skip="0">google</stat>
</tag>
<suite>
<stat pass="2" fail="1" skip="0" id="s1" name="App">App</stat>
</suite>
</statistics>
<errors>
</errors>
</robot>
